로그인 시도
초기 요청 준비
19-02-01 15:52:12 : 요청 실행: kiwoom_CommConnect () {}
19-02-01 15:52:15 : 요청 콜백: kiwoom_OnEventConnect (0,) {}
19-02-01 15:52:15 : 로그인 성공
로그인 결과: {'result': 0}
초기 요청 준비
19-02-01 15:52:15 : 요청 실행: kiwoom_TR_OPT10001_주식기본정보요청 ('225430',) {}
19-02-01 15:52:15 : 요청 콜백: kiwoom_OnReceiveTrData ('0101', '주식기본정보', 'OPT10001', '', '0', 0, '', '', '') {}
19-02-01 15:52:15 : 주식기본정보: 225430, {'종목명': '케이엠제약', '현재가': '-3660', '등락율': '-6.87', '거래량': '1872407', '시가': '-3900', '상한가': '+5100'}
19-02-01 15:52:15 : 주문: send_order 0101 8111294711 1 225430 27 5100 00 
초기 요청 준비
19-02-01 15:52:15 : 요청 실행: kiwoom_TR_OPT10001_주식기본정보요청 ('049830',) {}
19-02-01 15:52:15 : 주문/잔고: 0101 send_order KOA_NORMAL_BUY_KQ_ORD [00Z218] 모의투자 장종료 상태입니다
19-02-01 15:52:15 : 요청 콜백: kiwoom_OnReceiveTrData ('0101', 'send_order', 'KOA_NORMAL_BUY_KQ_ORD', '', '', 0, '', '', '') {}
19-02-01 15:52:15 : 요청 콜백: kiwoom_OnReceiveTrData ('0101', '주식기본정보', 'OPT10001', '', '0', 0, '', '', '') {}
19-02-01 15:52:15 : 주식기본정보: 049830, {'종목명': '승일', '현재가': '-12400', '등락율': '-0.80', '거래량': '87073', '시가': '+12650', '상한가': '+16250'}
19-02-01 15:52:15 : 주문: send_order 0101 8111294711 1 049830 8 16250 00 
초기 요청 준비
19-02-01 15:52:18 : 요청 실행: kiwoom_TR_OPT10001_주식기본정보요청 ('005690',) {}
19-02-01 15:52:18 : 주문/잔고: 0101 send_order KOA_NORMAL_BUY_KQ_ORD [00Z218] 모의투자 장종료 상태입니다
19-02-01 15:52:18 : 요청 콜백: kiwoom_OnReceiveTrData ('0101', 'send_order', 'KOA_NORMAL_BUY_KQ_ORD', '', '', 0, '', '', '') {}
19-02-01 15:52:18 : 요청 콜백: kiwoom_OnReceiveTrData ('0101', '주식기본정보', 'OPT10001', '', '0', 0, '', '', '') {}
19-02-01 15:52:18 : 주식기본정보: 005690, {'종목명': '파미셀', '현재가': '-16550', '등락율': '-6.50', '거래량': '2757999', '시가': '-17200', '상한가': '+23000'}
19-02-01 15:52:18 : 주문: send_order 0101 8111294711 1 005690 6 23000 00 
